{"/home/travis/build/npmtest/node-npmtest-react-addons-update/test.js":{"path":"/home/travis/build/npmtest/node-npmtest-react-addons-update/test.js","s":{"1":2,"2":2,"3":2,"4":2,"5":2,"6":2,"7":2,"8":1,"9":2,"10":2,"11":1,"12":1,"13":1,"14":1,"15":2,"16":2,"17":2,"18":2,"19":1,"20":1,"21":2,"22":2,"23":2,"24":1,"25":1,"26":1,"27":1,"28":1,"29":1,"30":1,"31":1,"32":1,"33":1,"34":1,"35":1,"36":1,"37":1,"38":1,"39":2,"40":2,"41":1,"42":2,"43":2,"44":1,"45":2,"46":2,"47":1,"48":2,"49":2,"50":1,"51":1,"52":1,"53":1,"54":1},"b":{"1":[2,1,1,1],"2":[1,1,1,1],"3":[1,1],"4":[1,1],"5":[1,1],"6":[1,1],"7":[1,1],"8":[1,1],"9":[1,1],"10":[1,1,1],"11":[1,1],"12":[1,1],"13":[1,1],"14":[1,1],"15":[1,1],"16":[1,1],"17":[1,1]},"f":{"1":2,"2":2,"3":2,"4":2,"5":2,"6":1,"7":1,"8":1,"9":2,"10":2,"11":2,"12":2,"13":1},"fnMap":{"1":{"name":"(anonymous_1)","line":12,"loc":{"start":{"line":12,"column":1},"end":{"line":12,"column":13}}},"2":{"name":"(anonymous_2)","line":19,"loc":{"start":{"line":19,"column":5},"end":{"line":19,"column":17}}},"3":{"name":"(anonymous_3)","line":23,"loc":{"start":{"line":23,"column":24},"end":{"line":23,"column":36}}},"4":{"name":"(anonymous_4)","line":61,"loc":{"start":{"line":61,"column":5},"end":{"line":61,"column":17}}},"5":{"name":"(anonymous_5)","line":82,"loc":{"start":{"line":82,"column":5},"end":{"line":82,"column":17}}},"6":{"name":"(anonymous_6)","line":91,"loc":{"start":{"line":91,"column":77},"end":{"line":94,"column":10}}},"7":{"name":"(anonymous_7)","line":112,"loc":{"start":{"line":112,"column":83},"end":{"line":115,"column":10}},"skip":true},"8":{"name":"(anonymous_8)","line":123,"loc":{"start":{"line":123,"column":77},"end":{"line":126,"column":10}},"skip":true},"9":{"name":"(anonymous_9)","line":139,"loc":{"start":{"line":139,"column":12},"end":{"line":139,"column":40}},"skip":true},"10":{"name":"(anonymous_10)","line":147,"loc":{"start":{"line":147,"column":77},"end":{"line":150,"column":10}},"skip":true},"11":{"name":"(anonymous_11)","line":158,"loc":{"start":{"line":158,"column":83},"end":{"line":161,"column":10}},"skip":true},"12":{"name":"(anonymous_12)","line":169,"loc":{"start":{"line":169,"column":79},"end":{"line":172,"column":10}},"skip":true},"13":{"name":"(anonymous_13)","line":180,"loc":{"start":{"line":180,"column":75},"end":{"line":183,"column":10}},"skip":true}},"statementMap":{"1":{"start":{"line":12,"column":0},"end":{"line":195,"column":5}},"2":{"start":{"line":14,"column":4},"end":{"line":14,"column":14}},"3":{"start":{"line":19,"column":4},"end":{"line":56,"column":9}},"4":{"start":{"line":21,"column":8},"end":{"line":21,"column":19}},"5":{"start":{"line":23,"column":8},"end":{"line":35,"column":13}},"6":{"start":{"line":24,"column":12},"end":{"line":34,"column":13}},"7":{"start":{"line":25,"column":16},"end":{"line":28,"column":30}},"8":{"start":{"line":30,"column":16},"end":{"line":33,"column":27}},"9":{"start":{"line":37,"column":8},"end":{"line":39,"column":21}},"10":{"start":{"line":40,"column":8},"end":{"line":53,"column":9}},"11":{"start":{"line":43,"column":12},"end":{"line":46,"column":14}},"12":{"start":{"line":47,"column":12},"end":{"line":47,"column":18}},"13":{"start":{"line":50,"column":12},"end":{"line":51,"column":33}},"14":{"start":{"line":52,"column":12},"end":{"line":52,"column":18}},"15":{"start":{"line":55,"column":8},"end":{"line":55,"column":35}},"16":{"start":{"line":61,"column":4},"end":{"line":63,"column":9}},"17":{"start":{"line":62,"column":8},"end":{"line":62,"column":15}},"18":{"start":{"line":64,"column":4},"end":{"line":77,"column":5}},"19":{"start":{"line":70,"column":8},"end":{"line":70,"column":14}},"20":{"start":{"line":76,"column":8},"end":{"line":76,"column":14}},"21":{"start":{"line":82,"column":4},"end":{"line":84,"column":9}},"22":{"start":{"line":83,"column":8},"end":{"line":83,"column":15}},"23":{"start":{"line":85,"column":4},"end":{"line":194,"column":5}},"24":{"start":{"line":91,"column":8},"end":{"line":99,"column":10}},"25":{"start":{"line":98,"column":12},"end":{"line":98,"column":35}},"26":{"start":{"line":102,"column":8},"end":{"line":104,"column":63}},"27":{"start":{"line":105,"column":8},"end":{"line":105,"column":14}},"28":{"start":{"line":112,"column":8},"end":{"line":121,"column":10},"skip":true},"29":{"start":{"line":119,"column":12},"end":{"line":119,"column":55},"skip":true},"30":{"start":{"line":120,"column":12},"end":{"line":120,"column":48},"skip":true},"31":{"start":{"line":123,"column":8},"end":{"line":136,"column":10},"skip":true},"32":{"start":{"line":130,"column":12},"end":{"line":130,"column":76},"skip":true},"33":{"start":{"line":131,"column":12},"end":{"line":131,"column":73},"skip":true},"34":{"start":{"line":132,"column":12},"end":{"line":132,"column":74},"skip":true},"35":{"start":{"line":133,"column":12},"end":{"line":133,"column":79},"skip":true},"36":{"start":{"line":134,"column":12},"end":{"line":134,"column":25},"skip":true},"37":{"start":{"line":135,"column":12},"end":{"line":135,"column":45},"skip":true},"38":{"start":{"line":138,"column":8},"end":{"line":145,"column":14},"skip":true},"39":{"start":{"line":143,"column":16},"end":{"line":143,"column":29},"skip":true},"40":{"start":{"line":144,"column":16},"end":{"line":144,"column":55},"skip":true},"41":{"start":{"line":147,"column":8},"end":{"line":156,"column":10},"skip":true},"42":{"start":{"line":154,"column":12},"end":{"line":154,"column":25},"skip":true},"43":{"start":{"line":155,"column":12},"end":{"line":155,"column":45},"skip":true},"44":{"start":{"line":158,"column":8},"end":{"line":167,"column":10},"skip":true},"45":{"start":{"line":165,"column":12},"end":{"line":165,"column":25},"skip":true},"46":{"start":{"line":166,"column":12},"end":{"line":166,"column":48},"skip":true},"47":{"start":{"line":169,"column":8},"end":{"line":178,"column":10},"skip":true},"48":{"start":{"line":176,"column":12},"end":{"line":176,"column":25},"skip":true},"49":{"start":{"line":177,"column":12},"end":{"line":177,"column":46},"skip":true},"50":{"start":{"line":180,"column":8},"end":{"line":189,"column":10},"skip":true},"51":{"start":{"line":187,"column":12},"end":{"line":187,"column":94},"skip":true},"52":{"start":{"line":188,"column":12},"end":{"line":188,"column":48},"skip":true},"53":{"start":{"line":192,"column":8},"end":{"line":192,"column":35},"skip":true},"54":{"start":{"line":193,"column":8},"end":{"line":193,"column":14},"skip":true}},"branchMap":{"1":{"line":25,"type":"binary-expr","locations":[{"start":{"line":25,"column":23},"end":{"line":25,"column":62}},{"start":{"line":26,"column":20},"end":{"line":26,"column":70}},{"start":{"line":27,"column":20},"end":{"line":27,"column":71}},{"start":{"line":28,"column":20},"end":{"line":28,"column":29}}]},"2":{"line":30,"type":"binary-expr","locations":[{"start":{"line":30,"column":23},"end":{"line":30,"column":37}},{"start":{"line":31,"column":20},"end":{"line":31,"column":61}},{"start":{"line":32,"column":20},"end":{"line":32,"column":70}},{"start":{"line":33,"column":20},"end":{"line":33,"column":26}}]},"3":{"line":37,"type":"cond-expr","locations":[{"start":{"line":38,"column":14},"end":{"line":38,"column":20}},{"start":{"line":39,"column":14},"end":{"line":39,"column":20}}]},"4":{"line":40,"type":"switch","locations":[{"start":{"line":42,"column":8},"end":{"line":47,"column":18}},{"start":{"line":49,"column":8},"end":{"line":52,"column":18}}]},"5":{"line":44,"type":"binary-expr","locations":[{"start":{"line":44,"column":16},"end":{"line":44,"column":44}},{"start":{"line":44,"column":48},"end":{"line":44,"column":66}}]},"6":{"line":50,"type":"binary-expr","locations":[{"start":{"line":50,"column":21},"end":{"line":50,"column":49}},{"start":{"line":50,"column":53},"end":{"line":50,"column":72}}]},"7":{"line":64,"type":"switch","locations":[{"start":{"line":69,"column":4},"end":{"line":70,"column":14}},{"start":{"line":75,"column":4},"end":{"line":76,"column":14}}]},"8":{"line":85,"type":"switch","locations":[{"start":{"line":90,"column":4},"end":{"line":105,"column":14}},{"start":{"line":111,"column":4},"end":{"line":193,"column":14},"skip":true}]},"9":{"line":91,"type":"binary-expr","locations":[{"start":{"line":91,"column":42},"end":{"line":91,"column":73}},{"start":{"line":91,"column":77},"end":{"line":99,"column":9}}]},"10":{"line":102,"type":"binary-expr","locations":[{"start":{"line":102,"column":18},"end":{"line":102,"column":32}},{"start":{"line":103,"column":12},"end":{"line":103,"column":53}},{"start":{"line":104,"column":12},"end":{"line":104,"column":61}}]},"11":{"line":112,"type":"binary-expr","locations":[{"start":{"line":112,"column":45},"end":{"line":112,"column":79},"skip":true},{"start":{"line":112,"column":83},"end":{"line":121,"column":9},"skip":true}]},"12":{"line":123,"type":"binary-expr","locations":[{"start":{"line":123,"column":42},"end":{"line":123,"column":73},"skip":true},{"start":{"line":123,"column":77},"end":{"line":136,"column":9},"skip":true}]},"13":{"line":138,"type":"binary-expr","locations":[{"start":{"line":138,"column":48},"end":{"line":138,"column":85},"skip":true},{"start":{"line":139,"column":12},"end":{"line":145,"column":13},"skip":true}]},"14":{"line":147,"type":"binary-expr","locations":[{"start":{"line":147,"column":42},"end":{"line":147,"column":73},"skip":true},{"start":{"line":147,"column":77},"end":{"line":156,"column":9},"skip":true}]},"15":{"line":158,"type":"binary-expr","locations":[{"start":{"line":158,"column":45},"end":{"line":158,"column":79},"skip":true},{"start":{"line":158,"column":83},"end":{"line":167,"column":9},"skip":true}]},"16":{"line":169,"type":"binary-expr","locations":[{"start":{"line":169,"column":43},"end":{"line":169,"column":75},"skip":true},{"start":{"line":169,"column":79},"end":{"line":178,"column":9},"skip":true}]},"17":{"line":180,"type":"binary-expr","locations":[{"start":{"line":180,"column":41},"end":{"line":180,"column":71},"skip":true},{"start":{"line":180,"column":75},"end":{"line":189,"column":9},"skip":true}]}},"code":["/* istanbul instrument in package npmtest_react_addons_update */","/*jslint","    bitwise: true,","    browser: true,","    maxerr: 8,","    maxlen: 96,","    node: true,","    nomen: true,","    regexp: true,","    stupid: true","*/","(function () {","    'use strict';","    var local;","","","","    // run shared js-env code - init-before","    (function () {","        // init local","        local = {};","        // init modeJs","        local.modeJs = (function () {","            try {","                return typeof navigator.userAgent === 'string' &&","                    typeof document.querySelector('body') === 'object' &&","                    typeof XMLHttpRequest.prototype.open === 'function' &&","                    'browser';","            } catch (errorCaughtBrowser) {","                return module.exports &&","                    typeof process.versions.node === 'string' &&","                    typeof require('http').createServer === 'function' &&","                    'node';","            }","        }());","        // init global","        local.global = local.modeJs === 'browser'","            ? window","            : global;","        switch (local.modeJs) {","        // re-init local from window.local","        case 'browser':","            local = local.global.utility2.objectSetDefault(","                local.global.utility2_rollup || local.global.local,","                local.global.utility2","            );","            break;","        // re-init local from example.js","        case 'node':","            local = (local.global.utility2_rollup || require('utility2'))","                .requireReadme();","            break;","        }","        // export local","        local.global.local = local;","    }());","","","","    // run shared js-env code - function","    (function () {","        return;","    }());","    switch (local.modeJs) {","","","","    // run browser js-env code - function","    case 'browser':","        break;","","","","    // run node js-env code - function","    case 'node':","        break;","    }","","","","    // run shared js-env code - init-after","    (function () {","        return;","    }());","    switch (local.modeJs) {","","","","    // run browser js-env code - init-after","    case 'browser':","        local.testCase_browser_nullCase = local.testCase_browser_nullCase || function (","            options,","            onError","        ) {","        /*","         * this function will test browsers's null-case handling-behavior-behavior","         */","            onError(null, options);","        };","","        // run tests","        local.nop(local.modeTest &&","            document.querySelector('#testRunButton1') &&","            document.querySelector('#testRunButton1').click());","        break;","","","","    // run node js-env code - init-after","    /* istanbul ignore next */","    case 'node':","        local.testCase_buildApidoc_default = local.testCase_buildApidoc_default || function (","            options,","            onError","        ) {","        /*","         * this function will test buildApidoc's default handling-behavior-behavior","         */","            options = { modulePathList: module.paths };","            local.buildApidoc(options, onError);","        };","","        local.testCase_buildApp_default = local.testCase_buildApp_default || function (","            options,","            onError","        ) {","        /*","         * this function will test buildApp's default handling-behavior-behavior","         */","            local.testCase_buildReadme_default(options, local.onErrorThrow);","            local.testCase_buildLib_default(options, local.onErrorThrow);","            local.testCase_buildTest_default(options, local.onErrorThrow);","            local.testCase_buildCustomOrg_default(options, local.onErrorThrow);","            options = [];","            local.buildApp(options, onError);","        };","","        local.testCase_buildCustomOrg_default = local.testCase_buildCustomOrg_default ||","            function (options, onError) {","            /*","             * this function will test buildCustomOrg's default handling-behavior","             */","                options = {};","                local.buildCustomOrg(options, onError);","            };","","        local.testCase_buildLib_default = local.testCase_buildLib_default || function (","            options,","            onError","        ) {","        /*","         * this function will test buildLib's default handling-behavior","         */","            options = {};","            local.buildLib(options, onError);","        };","","        local.testCase_buildReadme_default = local.testCase_buildReadme_default || function (","            options,","            onError","        ) {","        /*","         * this function will test buildReadme's default handling-behavior-behavior","         */","            options = {};","            local.buildReadme(options, onError);","        };","","        local.testCase_buildTest_default = local.testCase_buildTest_default || function (","            options,","            onError","        ) {","        /*","         * this function will test buildTest's default handling-behavior","         */","            options = {};","            local.buildTest(options, onError);","        };","","        local.testCase_webpage_default = local.testCase_webpage_default || function (","            options,","            onError","        ) {","        /*","         * this function will test webpage's default handling-behavior","         */","            options = { modeCoverageMerge: true, url: local.serverLocalHost + '?modeTest=1' };","            local.browserTest(options, onError);","        };","","        // run test-server","        local.testRunServer(local);","        break;","    }","}());",""],"l":{"12":2,"14":2,"19":2,"21":2,"23":2,"24":2,"25":2,"30":1,"37":2,"40":2,"43":1,"47":1,"50":1,"52":1,"55":2,"61":2,"62":2,"64":2,"70":1,"76":1,"82":2,"83":2,"85":2,"91":1,"98":1,"102":1,"105":1,"112":1,"119":1,"120":1,"123":1,"130":1,"131":1,"132":1,"133":1,"134":1,"135":1,"138":1,"143":2,"144":2,"147":1,"154":2,"155":2,"158":1,"165":2,"166":2,"169":1,"176":2,"177":2,"180":1,"187":1,"188":1,"192":1,"193":1}},"/home/travis/build/npmtest/node-npmtest-react-addons-update/lib.npmtest_react_addons_update.js":{"path":"/home/travis/build/npmtest/node-npmtest-react-addons-update/lib.npmtest_react_addons_update.js","s":{"1":2,"2":2,"3":2,"4":2,"5":2,"6":2,"7":2,"8":1,"9":2,"10":2,"11":2,"12":2,"13":1,"14":1,"15":1,"16":1},"b":{"1":[2,1,1,1],"2":[1,1,1,1],"3":[1,1],"4":[2,2],"5":[1,1]},"f":{"1":2,"2":2,"3":2},"fnMap":{"1":{"name":"(anonymous_1)","line":12,"loc":{"start":{"line":12,"column":1},"end":{"line":12,"column":13}}},"2":{"name":"(anonymous_2)","line":19,"loc":{"start":{"line":19,"column":5},"end":{"line":19,"column":17}}},"3":{"name":"(anonymous_3)","line":23,"loc":{"start":{"line":23,"column":24},"end":{"line":23,"column":36}}}},"statementMap":{"1":{"start":{"line":12,"column":0},"end":{"line":53,"column":5}},"2":{"start":{"line":14,"column":4},"end":{"line":14,"column":14}},"3":{"start":{"line":19,"column":4},"end":{"line":52,"column":9}},"4":{"start":{"line":21,"column":8},"end":{"line":21,"column":19}},"5":{"start":{"line":23,"column":8},"end":{"line":35,"column":13}},"6":{"start":{"line":24,"column":12},"end":{"line":34,"column":13}},"7":{"start":{"line":25,"column":16},"end":{"line":28,"column":30}},"8":{"start":{"line":30,"column":16},"end":{"line":33,"column":27}},"9":{"start":{"line":37,"column":8},"end":{"line":39,"column":21}},"10":{"start":{"line":41,"column":8},"end":{"line":41,"column":54}},"11":{"start":{"line":43,"column":8},"end":{"line":43,"column":64}},"12":{"start":{"line":45,"column":8},"end":{"line":51,"column":9}},"13":{"start":{"line":46,"column":12},"end":{"line":46,"column":70}},"14":{"start":{"line":48,"column":12},"end":{"line":48,"column":35}},"15":{"start":{"line":49,"column":12},"end":{"line":49,"column":49}},"16":{"start":{"line":50,"column":12},"end":{"line":50,"column":43}}},"branchMap":{"1":{"line":25,"type":"binary-expr","locations":[{"start":{"line":25,"column":23},"end":{"line":25,"column":62}},{"start":{"line":26,"column":20},"end":{"line":26,"column":70}},{"start":{"line":27,"column":20},"end":{"line":27,"column":71}},{"start":{"line":28,"column":20},"end":{"line":28,"column":29}}]},"2":{"line":30,"type":"binary-expr","locations":[{"start":{"line":30,"column":23},"end":{"line":30,"column":37}},{"start":{"line":31,"column":20},"end":{"line":31,"column":61}},{"start":{"line":32,"column":20},"end":{"line":32,"column":70}},{"start":{"line":33,"column":20},"end":{"line":33,"column":26}}]},"3":{"line":37,"type":"cond-expr","locations":[{"start":{"line":38,"column":14},"end":{"line":38,"column":20}},{"start":{"line":39,"column":14},"end":{"line":39,"column":20}}]},"4":{"line":41,"type":"binary-expr","locations":[{"start":{"line":41,"column":16},"end":{"line":41,"column":44}},{"start":{"line":41,"column":48},"end":{"line":41,"column":53}}]},"5":{"line":45,"type":"if","locations":[{"start":{"line":45,"column":8},"end":{"line":45,"column":8}},{"start":{"line":45,"column":8},"end":{"line":45,"column":8}}]}},"code":["/* istanbul instrument in package npmtest_react_addons_update */","/*jslint","    bitwise: true,","    browser: true,","    maxerr: 8,","    maxlen: 96,","    node: true,","    nomen: true,","    regexp: true,","    stupid: true","*/","(function () {","    'use strict';","    var local;","","","","    // run shared js-env code - init-before","    (function () {","        // init local","        local = {};","        // init modeJs","        local.modeJs = (function () {","            try {","                return typeof navigator.userAgent === 'string' &&","                    typeof document.querySelector('body') === 'object' &&","                    typeof XMLHttpRequest.prototype.open === 'function' &&","                    'browser';","            } catch (errorCaughtBrowser) {","                return module.exports &&","                    typeof process.versions.node === 'string' &&","                    typeof require('http').createServer === 'function' &&","                    'node';","            }","        }());","        // init global","        local.global = local.modeJs === 'browser'","            ? window","            : global;","        // init utility2_rollup","        local = local.global.utility2_rollup || local;","        // init lib","        local.local = local.npmtest_react_addons_update = local;","        // init exports","        if (local.modeJs === 'browser') {","            local.global.utility2_npmtest_react_addons_update = local;","        } else {","            module.exports = local;","            module.exports.__dirname = __dirname;","            module.exports.module = module;","        }","    }());","}());",""],"l":{"12":2,"14":2,"19":2,"21":2,"23":2,"24":2,"25":2,"30":1,"37":2,"41":2,"43":2,"45":2,"46":1,"48":1,"49":1,"50":1}},"/home/travis/build/npmtest/node-npmtest-react-addons-update/example.js":{"path":"/home/travis/build/npmtest/node-npmtest-react-addons-update/example.js","s":{"1":2,"2":2,"3":2,"4":2,"5":2,"6":2,"7":2,"8":1,"9":2,"10":2,"11":2,"12":2,"13":1,"14":2,"15":2,"16":2,"17":2,"18":2,"19":0,"20":2,"21":1,"22":1,"23":1,"24":1,"25":1,"26":0,"27":0,"28":1,"29":1,"30":2,"31":0,"32":0,"33":0,"34":1,"35":2,"36":2,"37":3,"38":3,"39":3,"40":3,"41":0,"42":3,"43":3,"44":3,"45":1,"46":3,"47":1,"48":1,"49":1,"50":1,"51":1,"52":1,"53":1,"54":1,"55":1,"56":1,"57":0,"58":1,"59":6,"60":6,"61":1,"62":2,"63":0,"64":2,"65":1,"66":1,"67":0,"68":0,"69":0,"70":0,"71":0,"72":0,"73":0,"74":0,"75":0,"76":0,"77":0,"78":0,"79":0,"80":0,"81":0,"82":0,"83":0},"b":{"1":[2,1,1,1],"2":[1,1,1,1],"3":[1,1],"4":[2,2],"5":[1,1],"6":[1,1],"7":[2,0],"8":[2,1,1,1,1,1],"9":[0,2,0],"10":[1,1],"11":[2,1,1],"12":[1,0],"13":[0,2],"14":[2,0,0,0,0,0,0],"15":[0,3],"16":[3,0],"17":[1,1],"18":[0,1],"19":[1,2,0,2],"20":[1,0],"21":[1,1],"22":[0,0],"23":[0,0],"24":[0,0],"25":[0,0],"26":[0,0],"27":[0,0],"28":[0,0]},"f":{"1":2,"2":2,"3":2,"4":2,"5":2,"6":2,"7":3,"8":3,"9":3,"10":1,"11":6,"12":0},"fnMap":{"1":{"name":"(anonymous_1)","line":26,"loc":{"start":{"line":26,"column":1},"end":{"line":26,"column":13}}},"2":{"name":"(anonymous_2)","line":33,"loc":{"start":{"line":33,"column":5},"end":{"line":33,"column":17}}},"3":{"name":"(anonymous_3)","line":37,"loc":{"start":{"line":37,"column":24},"end":{"line":37,"column":36}}},"4":{"name":"(anonymous_4)","line":69,"loc":{"start":{"line":69,"column":31},"end":{"line":69,"column":48}},"skip":true},"5":{"name":"(anonymous_5)","line":78,"loc":{"start":{"line":78,"column":26},"end":{"line":78,"column":45}},"skip":true},"6":{"name":"(anonymous_6)","line":123,"loc":{"start":{"line":123,"column":33},"end":{"line":123,"column":48}},"skip":true},"7":{"name":"(anonymous_7)","line":125,"loc":{"start":{"line":125,"column":27},"end":{"line":125,"column":39}},"skip":true},"8":{"name":"(anonymous_8)","line":133,"loc":{"start":{"line":133,"column":59},"end":{"line":133,"column":74}},"skip":true},"9":{"name":"(anonymous_9)","line":143,"loc":{"start":{"line":143,"column":45},"end":{"line":143,"column":62}},"skip":true},"10":{"name":"(anonymous_10)","line":144,"loc":{"start":{"line":144,"column":73},"end":{"line":144,"column":92}},"skip":true},"11":{"name":"(anonymous_11)","line":272,"loc":{"start":{"line":272,"column":51},"end":{"line":272,"column":77}},"skip":true},"12":{"name":"(anonymous_12)","line":315,"loc":{"start":{"line":315,"column":32},"end":{"line":315,"column":61}},"skip":true}},"statementMap":{"1":{"start":{"line":26,"column":0},"end":{"line":326,"column":5}},"2":{"start":{"line":28,"column":4},"end":{"line":28,"column":14}},"3":{"start":{"line":33,"column":4},"end":{"line":60,"column":9}},"4":{"start":{"line":35,"column":8},"end":{"line":35,"column":19}},"5":{"start":{"line":37,"column":8},"end":{"line":49,"column":13}},"6":{"start":{"line":38,"column":12},"end":{"line":48,"column":13}},"7":{"start":{"line":39,"column":16},"end":{"line":42,"column":30}},"8":{"start":{"line":44,"column":16},"end":{"line":47,"column":27}},"9":{"start":{"line":51,"column":8},"end":{"line":53,"column":21}},"10":{"start":{"line":55,"column":8},"end":{"line":57,"column":45}},"11":{"start":{"line":59,"column":8},"end":{"line":59,"column":35}},"12":{"start":{"line":61,"column":4},"end":{"line":325,"column":5}},"13":{"start":{"line":69,"column":8},"end":{"line":121,"column":10},"skip":true},"14":{"start":{"line":70,"column":12},"end":{"line":88,"column":13},"skip":true},"15":{"start":{"line":76,"column":16},"end":{"line":87,"column":19},"skip":true},"16":{"start":{"line":79,"column":20},"end":{"line":86,"column":21},"skip":true},"17":{"start":{"line":82,"column":24},"end":{"line":82,"column":43},"skip":true},"18":{"start":{"line":83,"column":24},"end":{"line":83,"column":30},"skip":true},"19":{"start":{"line":85,"column":24},"end":{"line":85,"column":49},"skip":true},"20":{"start":{"line":89,"column":12},"end":{"line":107,"column":13},"skip":true},"21":{"start":{"line":92,"column":16},"end":{"line":102,"column":17},"skip":true},"22":{"start":{"line":93,"column":20},"end":{"line":93,"column":86},"skip":true},"23":{"start":{"line":94,"column":20},"end":{"line":95,"column":45},"skip":true},"24":{"start":{"line":96,"column":20},"end":{"line":96,"column":42},"skip":true},"25":{"start":{"line":97,"column":20},"end":{"line":97,"column":48},"skip":true},"26":{"start":{"line":100,"column":20},"end":{"line":100,"column":85},"skip":true},"27":{"start":{"line":101,"column":20},"end":{"line":101,"column":96},"skip":true},"28":{"start":{"line":103,"column":16},"end":{"line":103,"column":22},"skip":true},"29":{"start":{"line":106,"column":16},"end":{"line":106,"column":22},"skip":true},"30":{"start":{"line":108,"column":12},"end":{"line":120,"column":13},"skip":true},"31":{"start":{"line":114,"column":16},"end":{"line":119,"column":17},"skip":true},"32":{"start":{"line":116,"column":20},"end":{"line":116,"column":78},"skip":true},"33":{"start":{"line":118,"column":20},"end":{"line":118,"column":47},"skip":true},"34":{"start":{"line":123,"column":8},"end":{"line":141,"column":11},"skip":true},"35":{"start":{"line":124,"column":12},"end":{"line":124,"column":54},"skip":true},"36":{"start":{"line":125,"column":12},"end":{"line":140,"column":14},"skip":true},"37":{"start":{"line":126,"column":16},"end":{"line":126,"column":28},"skip":true},"38":{"start":{"line":127,"column":16},"end":{"line":127,"column":69},"skip":true},"39":{"start":{"line":128,"column":16},"end":{"line":128,"column":75},"skip":true},"40":{"start":{"line":129,"column":16},"end":{"line":131,"column":17},"skip":true},"41":{"start":{"line":130,"column":20},"end":{"line":130,"column":27},"skip":true},"42":{"start":{"line":133,"column":16},"end":{"line":137,"column":36},"skip":true},"43":{"start":{"line":134,"column":20},"end":{"line":136,"column":55},"skip":true},"44":{"start":{"line":139,"column":16},"end":{"line":139,"column":57},"skip":true},"45":{"start":{"line":143,"column":8},"end":{"line":147,"column":11},"skip":true},"46":{"start":{"line":144,"column":12},"end":{"line":146,"column":15},"skip":true},"47":{"start":{"line":145,"column":16},"end":{"line":145,"column":70},"skip":true},"48":{"start":{"line":149,"column":8},"end":{"line":149,"column":31},"skip":true},"49":{"start":{"line":150,"column":8},"end":{"line":150,"column":14},"skip":true},"50":{"start":{"line":158,"column":8},"end":{"line":158,"column":31},"skip":true},"51":{"start":{"line":160,"column":8},"end":{"line":160,"column":33},"skip":true},"52":{"start":{"line":161,"column":8},"end":{"line":161,"column":37},"skip":true},"53":{"start":{"line":162,"column":8},"end":{"line":162,"column":35},"skip":true},"54":{"start":{"line":164,"column":8},"end":{"line":164,"column":50},"skip":true},"55":{"start":{"line":166,"column":8},"end":{"line":256,"column":2},"skip":true},"56":{"start":{"line":258,"column":8},"end":{"line":286,"column":9},"skip":true},"57":{"start":{"line":259,"column":12},"end":{"line":269,"column":14},"skip":true},"58":{"start":{"line":271,"column":12},"end":{"line":285,"column":19},"skip":true},"59":{"start":{"line":274,"column":20},"end":{"line":274,"column":35},"skip":true},"60":{"start":{"line":275,"column":20},"end":{"line":284,"column":21},"skip":true},"61":{"start":{"line":277,"column":24},"end":{"line":277,"column":64},"skip":true},"62":{"start":{"line":279,"column":24},"end":{"line":279,"column":40},"skip":true},"63":{"start":{"line":281,"column":24},"end":{"line":281,"column":40},"skip":true},"64":{"start":{"line":283,"column":24},"end":{"line":283,"column":39},"skip":true},"65":{"start":{"line":288,"column":8},"end":{"line":290,"column":9},"skip":true},"66":{"start":{"line":289,"column":12},"end":{"line":289,"column":18},"skip":true},"67":{"start":{"line":291,"column":8},"end":{"line":293,"column":54},"skip":true},"68":{"start":{"line":296,"column":8},"end":{"line":301,"column":37},"skip":true},"69":{"start":{"line":303,"column":8},"end":{"line":303,"column":82},"skip":true},"70":{"start":{"line":306,"column":8},"end":{"line":308,"column":9},"skip":true},"71":{"start":{"line":307,"column":12},"end":{"line":307,"column":82},"skip":true},"72":{"start":{"line":310,"column":8},"end":{"line":312,"column":9},"skip":true},"73":{"start":{"line":311,"column":12},"end":{"line":311,"column":18},"skip":true},"74":{"start":{"line":313,"column":8},"end":{"line":313,"column":54},"skip":true},"75":{"start":{"line":314,"column":8},"end":{"line":314,"column":69},"skip":true},"76":{"start":{"line":315,"column":8},"end":{"line":323,"column":36},"skip":true},"77":{"start":{"line":316,"column":12},"end":{"line":316,"column":61},"skip":true},"78":{"start":{"line":317,"column":12},"end":{"line":320,"column":13},"skip":true},"79":{"start":{"line":318,"column":16},"end":{"line":318,"column":75},"skip":true},"80":{"start":{"line":319,"column":16},"end":{"line":319,"column":23},"skip":true},"81":{"start":{"line":321,"column":12},"end":{"line":321,"column":38},"skip":true},"82":{"start":{"line":322,"column":12},"end":{"line":322,"column":27},"skip":true},"83":{"start":{"line":324,"column":8},"end":{"line":324,"column":14},"skip":true}},"branchMap":{"1":{"line":39,"type":"binary-expr","locations":[{"start":{"line":39,"column":23},"end":{"line":39,"column":62}},{"start":{"line":40,"column":20},"end":{"line":40,"column":70}},{"start":{"line":41,"column":20},"end":{"line":41,"column":71}},{"start":{"line":42,"column":20},"end":{"line":42,"column":29}}]},"2":{"line":44,"type":"binary-expr","locations":[{"start":{"line":44,"column":23},"end":{"line":44,"column":37}},{"start":{"line":45,"column":20},"end":{"line":45,"column":61}},{"start":{"line":46,"column":20},"end":{"line":46,"column":70}},{"start":{"line":47,"column":20},"end":{"line":47,"column":26}}]},"3":{"line":51,"type":"cond-expr","locations":[{"start":{"line":52,"column":14},"end":{"line":52,"column":20}},{"start":{"line":53,"column":14},"end":{"line":53,"column":20}}]},"4":{"line":55,"type":"binary-expr","locations":[{"start":{"line":55,"column":16},"end":{"line":55,"column":44}},{"start":{"line":55,"column":49},"end":{"line":57,"column":43}}]},"5":{"line":55,"type":"cond-expr","locations":[{"start":{"line":56,"column":14},"end":{"line":56,"column":63}},{"start":{"line":57,"column":14},"end":{"line":57,"column":43}}]},"6":{"line":61,"type":"switch","locations":[{"start":{"line":68,"column":4},"end":{"line":150,"column":14},"skip":true},{"start":{"line":156,"column":4},"end":{"line":324,"column":14},"skip":true}]},"7":{"line":70,"type":"if","locations":[{"start":{"line":70,"column":12},"end":{"line":70,"column":12},"skip":true},{"start":{"line":70,"column":12},"end":{"line":70,"column":12},"skip":true}]},"8":{"line":70,"type":"binary-expr","locations":[{"start":{"line":70,"column":16},"end":{"line":70,"column":22},"skip":true},{"start":{"line":70,"column":27},"end":{"line":70,"column":32},"skip":true},{"start":{"line":71,"column":20},"end":{"line":71,"column":39},"skip":true},{"start":{"line":72,"column":20},"end":{"line":72,"column":49},"skip":true},{"start":{"line":73,"column":20},"end":{"line":73,"column":58},"skip":true},{"start":{"line":74,"column":20},"end":{"line":74,"column":69},"skip":true}]},"9":{"line":79,"type":"switch","locations":[{"start":{"line":80,"column":20},"end":{"line":80,"column":33},"skip":true},{"start":{"line":81,"column":20},"end":{"line":83,"column":30},"skip":true},{"start":{"line":84,"column":20},"end":{"line":85,"column":49},"skip":true}]},"10":{"line":89,"type":"switch","locations":[{"start":{"line":90,"column":12},"end":{"line":103,"column":22},"skip":true},{"start":{"line":105,"column":12},"end":{"line":106,"column":22},"skip":true}]},"11":{"line":89,"type":"binary-expr","locations":[{"start":{"line":89,"column":20},"end":{"line":89,"column":25},"skip":true},{"start":{"line":89,"column":29},"end":{"line":89,"column":48},"skip":true},{"start":{"line":89,"column":52},"end":{"line":89,"column":74},"skip":true}]},"12":{"line":92,"type":"if","locations":[{"start":{"line":92,"column":16},"end":{"line":92,"column":16},"skip":true},{"start":{"line":92,"column":16},"end":{"line":92,"column":16},"skip":true}]},"13":{"line":108,"type":"if","locations":[{"start":{"line":108,"column":12},"end":{"line":108,"column":12},"skip":true},{"start":{"line":108,"column":12},"end":{"line":108,"column":12},"skip":true}]},"14":{"line":108,"type":"binary-expr","locations":[{"start":{"line":108,"column":16},"end":{"line":108,"column":61},"skip":true},{"start":{"line":108,"column":66},"end":{"line":108,"column":72},"skip":true},{"start":{"line":108,"column":77},"end":{"line":108,"column":82},"skip":true},{"start":{"line":109,"column":20},"end":{"line":109,"column":39},"skip":true},{"start":{"line":110,"column":20},"end":{"line":110,"column":49},"skip":true},{"start":{"line":111,"column":20},"end":{"line":111,"column":58},"skip":true},{"start":{"line":112,"column":20},"end":{"line":112,"column":68},"skip":true}]},"15":{"line":129,"type":"if","locations":[{"start":{"line":129,"column":16},"end":{"line":129,"column":16},"skip":true},{"start":{"line":129,"column":16},"end":{"line":129,"column":16},"skip":true}]},"16":{"line":134,"type":"cond-expr","locations":[{"start":{"line":135,"column":26},"end":{"line":135,"column":29},"skip":true},{"start":{"line":136,"column":26},"end":{"line":136,"column":54},"skip":true}]},"17":{"line":164,"type":"binary-expr","locations":[{"start":{"line":164,"column":27},"end":{"line":164,"column":43},"skip":true},{"start":{"line":164,"column":47},"end":{"line":164,"column":49},"skip":true}]},"18":{"line":258,"type":"if","locations":[{"start":{"line":258,"column":8},"end":{"line":258,"column":8},"skip":true},{"start":{"line":258,"column":8},"end":{"line":258,"column":8},"skip":true}]},"19":{"line":275,"type":"switch","locations":[{"start":{"line":276,"column":20},"end":{"line":277,"column":64},"skip":true},{"start":{"line":278,"column":20},"end":{"line":279,"column":40},"skip":true},{"start":{"line":280,"column":20},"end":{"line":281,"column":40},"skip":true},{"start":{"line":282,"column":20},"end":{"line":283,"column":39},"skip":true}]},"20":{"line":288,"type":"if","locations":[{"start":{"line":288,"column":8},"end":{"line":288,"column":8},"skip":true},{"start":{"line":288,"column":8},"end":{"line":288,"column":8},"skip":true}]},"21":{"line":288,"type":"binary-expr","locations":[{"start":{"line":288,"column":12},"end":{"line":288,"column":40},"skip":true},{"start":{"line":288,"column":44},"end":{"line":288,"column":67},"skip":true}]},"22":{"line":292,"type":"binary-expr","locations":[{"start":{"line":292,"column":12},"end":{"line":292,"column":50},"skip":true},{"start":{"line":293,"column":12},"end":{"line":293,"column":53},"skip":true}]},"23":{"line":297,"type":"binary-expr","locations":[{"start":{"line":297,"column":12},"end":{"line":297,"column":77},"skip":true},{"start":{"line":298,"column":12},"end":{"line":301,"column":36},"skip":true}]},"24":{"line":303,"type":"binary-expr","locations":[{"start":{"line":303,"column":43},"end":{"line":303,"column":75},"skip":true},{"start":{"line":303,"column":79},"end":{"line":303,"column":81},"skip":true}]},"25":{"line":306,"type":"if","locations":[{"start":{"line":306,"column":8},"end":{"line":306,"column":8},"skip":true},{"start":{"line":306,"column":8},"end":{"line":306,"column":8},"skip":true}]},"26":{"line":310,"type":"if","locations":[{"start":{"line":310,"column":8},"end":{"line":310,"column":8},"skip":true},{"start":{"line":310,"column":8},"end":{"line":310,"column":8},"skip":true}]},"27":{"line":313,"type":"binary-expr","locations":[{"start":{"line":313,"column":27},"end":{"line":313,"column":43},"skip":true},{"start":{"line":313,"column":47},"end":{"line":313,"column":53},"skip":true}]},"28":{"line":317,"type":"if","locations":[{"start":{"line":317,"column":12},"end":{"line":317,"column":12},"skip":true},{"start":{"line":317,"column":12},"end":{"line":317,"column":12},"skip":true}]}},"code":["/*","example.js","","quickstart example","","instruction","    1. save this script as example.js","    2. run the shell command:","        $ npm install npmtest-react-addons-update && PORT=8081 node example.js","    3. play with the browser-demo on http://127.0.0.1:8081","*/","","","","/* istanbul instrument in package npmtest_react_addons_update */","/*jslint","    bitwise: true,","    browser: true,","    maxerr: 8,","    maxlen: 96,","    node: true,","    nomen: true,","    regexp: true,","    stupid: true","*/","(function () {","    'use strict';","    var local;","","","","    // run shared js-env code - init-before","    (function () {","        // init local","        local = {};","        // init modeJs","        local.modeJs = (function () {","            try {","                return typeof navigator.userAgent === 'string' &&","                    typeof document.querySelector('body') === 'object' &&","                    typeof XMLHttpRequest.prototype.open === 'function' &&","                    'browser';","            } catch (errorCaughtBrowser) {","                return module.exports &&","                    typeof process.versions.node === 'string' &&","                    typeof require('http').createServer === 'function' &&","                    'node';","            }","        }());","        // init global","        local.global = local.modeJs === 'browser'","            ? window","            : global;","        // init utility2_rollup","        local = local.global.utility2_rollup || (local.modeJs === 'browser'","            ? local.global.utility2_npmtest_react_addons_update","            : global.utility2_moduleExports);","        // export local","        local.global.local = local;","    }());","    switch (local.modeJs) {","","","","    // init-after","    // run browser js-env code - init-after","    /* istanbul ignore next */","    case 'browser':","        local.testRunBrowser = function (event) {","            if (!event || (event &&","                    event.currentTarget &&","                    event.currentTarget.className &&","                    event.currentTarget.className.includes &&","                    event.currentTarget.className.includes('onreset'))) {","                // reset output","                Array.from(","                    document.querySelectorAll('body > .resettable')","                ).forEach(function (element) {","                    switch (element.tagName) {","                    case 'INPUT':","                    case 'TEXTAREA':","                        element.value = '';","                        break;","                    default:","                        element.textContent = '';","                    }","                });","            }","            switch (event && event.currentTarget && event.currentTarget.id) {","            case 'testRunButton1':","                // show tests","                if (document.querySelector('#testReportDiv1').style.display === 'none') {","                    document.querySelector('#testReportDiv1').style.display = 'block';","                    document.querySelector('#testRunButton1').textContent =","                        'hide internal test';","                    local.modeTest = true;","                    local.testRunDefault(local);","                // hide tests","                } else {","                    document.querySelector('#testReportDiv1').style.display = 'none';","                    document.querySelector('#testRunButton1').textContent = 'run internal test';","                }","                break;","            // custom-case","            default:","                break;","            }","            if (document.querySelector('#inputTextareaEval1') && (!event || (event &&","                    event.currentTarget &&","                    event.currentTarget.className &&","                    event.currentTarget.className.includes &&","                    event.currentTarget.className.includes('oneval')))) {","                // try to eval input-code","                try {","                    /*jslint evil: true*/","                    eval(document.querySelector('#inputTextareaEval1').value);","                } catch (errorCaught) {","                    console.error(errorCaught);","                }","            }","        };","        // log stderr and stdout to #outputTextareaStdout1","        ['error', 'log'].forEach(function (key) {","            console[key + '_original'] = console[key];","            console[key] = function () {","                var element;","                console[key + '_original'].apply(console, arguments);","                element = document.querySelector('#outputTextareaStdout1');","                if (!element) {","                    return;","                }","                // append text to #outputTextareaStdout1","                element.value += Array.from(arguments).map(function (arg) {","                    return typeof arg === 'string'","                        ? arg","                        : JSON.stringify(arg, null, 4);","                }).join(' ') + '\\n';","                // scroll textarea to bottom","                element.scrollTop = element.scrollHeight;","            };","        });","        // init event-handling","        ['change', 'click', 'keyup'].forEach(function (event) {","            Array.from(document.querySelectorAll('.on' + event)).forEach(function (element) {","                element.addEventListener(event, local.testRunBrowser);","            });","        });","        // run tests","        local.testRunBrowser();","        break;","","","","    // run node js-env code - init-after","    /* istanbul ignore next */","    case 'node':","        // export local","        module.exports = local;","        // require modules","        local.fs = require('fs');","        local.http = require('http');","        local.url = require('url');","        // init assets","        local.assetsDict = local.assetsDict || {};","        /* jslint-ignore-begin */","        local.assetsDict['/assets.index.template.html'] = '\\","<!doctype html>\\n\\","<html lang=\"en\">\\n\\","<head>\\n\\","<meta charset=\"UTF-8\">\\n\\","<meta name=\"viewport\" content=\"width=device-width, initial-scale=1\">\\n\\","<title>{{env.npm_package_name}} (v{{env.npm_package_version}})</title>\\n\\","<style>\\n\\","/*csslint\\n\\","    box-sizing: false,\\n\\","    universal-selector: false\\n\\","*/\\n\\","* {\\n\\","    box-sizing: border-box;\\n\\","}\\n\\","body {\\n\\","    background: #dde;\\n\\","    font-family: Arial, Helvetica, sans-serif;\\n\\","    margin: 2rem;\\n\\","}\\n\\","body > * {\\n\\","    margin-bottom: 1rem;\\n\\","}\\n\\",".utility2FooterDiv {\\n\\","    margin-top: 20px;\\n\\","    text-align: center;\\n\\","}\\n\\","</style>\\n\\","<style>\\n\\","/*csslint\\n\\","*/\\n\\","textarea {\\n\\","    font-family: monospace;\\n\\","    height: 10rem;\\n\\","    width: 100%;\\n\\","}\\n\\","textarea[readonly] {\\n\\","    background: #ddd;\\n\\","}\\n\\","</style>\\n\\","</head>\\n\\","<body>\\n\\","<!-- utility2-comment\\n\\","<div id=\"ajaxProgressDiv1\" style=\"background: #d00; height: 2px; left: 0; margin: 0; padding: 0; position: fixed; top: 0; transition: background 0.5s, width 1.5s; width: 25%;\"></div>\\n\\","utility2-comment -->\\n\\","<h1>\\n\\","<!-- utility2-comment\\n\\","    <a\\n\\","        {{#if env.npm_package_homepage}}\\n\\","        href=\"{{env.npm_package_homepage}}\"\\n\\","        {{/if env.npm_package_homepage}}\\n\\","        target=\"_blank\"\\n\\","    >\\n\\","utility2-comment -->\\n\\","        {{env.npm_package_name}} (v{{env.npm_package_version}})\\n\\","<!-- utility2-comment\\n\\","    </a>\\n\\","utility2-comment -->\\n\\","</h1>\\n\\","<h3>{{env.npm_package_description}}</h3>\\n\\","<!-- utility2-comment\\n\\","<h4><a download href=\"assets.app.js\">download standalone app</a></h4>\\n\\","<button class=\"onclick onreset\" id=\"testRunButton1\">run internal test</button><br>\\n\\","<div id=\"testReportDiv1\" style=\"display: none;\"></div>\\n\\","utility2-comment -->\\n\\","\\n\\","\\n\\","\\n\\","<label>stderr and stdout</label>\\n\\","<textarea class=\"resettable\" id=\"outputTextareaStdout1\" readonly></textarea>\\n\\","<!-- utility2-comment\\n\\","{{#if isRollup}}\\n\\","<script src=\"assets.app.js\"></script>\\n\\","{{#unless isRollup}}\\n\\","utility2-comment -->\\n\\","<script src=\"assets.utility2.rollup.js\"></script>\\n\\","<script src=\"jsonp.utility2._stateInit?callback=window.utility2._stateInit\"></script>\\n\\","<script src=\"assets.npmtest_react_addons_update.rollup.js\"></script>\\n\\","<script src=\"assets.example.js\"></script>\\n\\","<script src=\"assets.test.js\"></script>\\n\\","<!-- utility2-comment\\n\\","{{/if isRollup}}\\n\\","utility2-comment -->\\n\\","<div class=\"utility2FooterDiv\">\\n\\","    [ this app was created with\\n\\","    <a href=\"https://github.com/kaizhu256/node-utility2\" target=\"_blank\">utility2</a>\\n\\","    ]\\n\\","</div>\\n\\","</body>\\n\\","</html>\\n\\","';","        /* jslint-ignore-end */","        if (local.templateRender) {","            local.assetsDict['/'] = local.templateRender(","                local.assetsDict['/assets.index.template.html'],","                {","                    env: local.objectSetDefault(local.env, {","                        npm_package_description: 'the greatest app in the world!',","                        npm_package_name: 'my-app',","                        npm_package_nameAlias: 'my_app',","                        npm_package_version: '0.0.1'","                    })","                }","            );","        } else {","            local.assetsDict['/'] = local.assetsDict['/assets.index.template.html']","                .replace((/\\{\\{env\\.(\\w+?)\\}\\}/g), function (match0, match1) {","                    // jslint-hack","                    String(match0);","                    switch (match1) {","                    case 'npm_package_description':","                        return 'the greatest app in the world!';","                    case 'npm_package_name':","                        return 'my-app';","                    case 'npm_package_nameAlias':","                        return 'my_app';","                    case 'npm_package_version':","                        return '0.0.1';","                    }","                });","        }","        // run the cli","        if (local.global.utility2_rollup || module !== require.main) {","            break;","        }","        local.assetsDict['/assets.example.js'] =","            local.assetsDict['/assets.example.js'] ||","            local.fs.readFileSync(__filename, 'utf8');","        // bug-workaround - long $npm_package_buildCustomOrg","        /* jslint-ignore-begin */","        local.assetsDict['/assets.npmtest_react_addons_update.rollup.js'] =","            local.assetsDict['/assets.npmtest_react_addons_update.rollup.js'] ||","            local.fs.readFileSync(","                local.npmtest_react_addons_update.__dirname + '/lib.npmtest_react_addons_update.js',","                'utf8'","            ).replace((/^#!/), '//');","        /* jslint-ignore-end */","        local.assetsDict['/favicon.ico'] = local.assetsDict['/favicon.ico'] || '';","        // if $npm_config_timeout_exit exists,","        // then exit this process after $npm_config_timeout_exit ms","        if (Number(process.env.npm_config_timeout_exit)) {","            setTimeout(process.exit, Number(process.env.npm_config_timeout_exit));","        }","        // start server","        if (local.global.utility2_serverHttp1) {","            break;","        }","        process.env.PORT = process.env.PORT || '8081';","        console.error('server starting on port ' + process.env.PORT);","        local.http.createServer(function (request, response) {","            request.urlParsed = local.url.parse(request.url);","            if (local.assetsDict[request.urlParsed.pathname] !== undefined) {","                response.end(local.assetsDict[request.urlParsed.pathname]);","                return;","            }","            response.statusCode = 404;","            response.end();","        }).listen(process.env.PORT);","        break;","    }","}());",""],"l":{"26":2,"28":2,"33":2,"35":2,"37":2,"38":2,"39":2,"44":1,"51":2,"55":2,"59":2,"61":2,"69":1,"70":2,"76":2,"79":2,"82":2,"83":2,"85":1,"89":2,"92":1,"93":1,"94":1,"96":1,"97":1,"100":1,"101":1,"103":1,"106":1,"108":2,"114":1,"116":1,"118":1,"123":1,"124":2,"125":2,"126":3,"127":3,"128":3,"129":3,"130":1,"133":3,"134":3,"139":3,"143":1,"144":3,"145":1,"149":1,"150":1,"158":1,"160":1,"161":1,"162":1,"164":1,"166":1,"258":1,"259":1,"271":1,"274":6,"275":6,"277":1,"279":2,"281":1,"283":2,"288":1,"289":1,"291":1,"296":1,"303":1,"306":1,"307":1,"310":1,"311":1,"313":1,"314":1,"315":1,"316":1,"317":1,"318":1,"319":1,"321":1,"322":1,"324":1}},"/home/travis/build/npmtest/node-npmtest-react-addons-update/node_modules/react-addons-update/index.js":{"path":"/home/travis/build/npmtest/node-npmtest-react-addons-update/node_modules/react-addons-update/index.js","s":{"1":1,"2":1,"3":1,"4":0,"5":0,"6":0,"7":0,"8":0,"9":1,"10":1,"11":1,"12":1,"13":1,"14":1,"15":1,"16":1,"17":1,"18":6,"19":1,"20":0,"21":0,"22":0,"23":1,"24":0,"25":0,"26":0,"27":0,"28":0,"29":0,"30":0,"31":0,"32":0,"33":0,"34":0,"35":0,"36":0,"37":0,"38":0,"39":0,"40":0,"41":0,"42":0,"43":0,"44":0,"45":0,"46":0,"47":0,"48":0,"49":0,"50":0,"51":0,"52":0,"53":0,"54":0,"55":1},"b":{"1":[0,0],"2":[0,0],"3":[0,0],"4":[0,0],"5":[0,0],"6":[0,0],"7":[0,0],"8":[0,0],"9":[0,0],"10":[0,0],"11":[0,0],"12":[0,0],"13":[0,0]},"f":{"1":0,"2":6,"3":0,"4":0,"5":0,"6":0,"7":0},"fnMap":{"1":{"name":"shallowCopy","line":15,"loc":{"start":{"line":15,"column":0},"end":{"line":15,"column":24}}},"2":{"name":"(anonymous_2)","line":43,"loc":{"start":{"line":43,"column":26},"end":{"line":43,"column":44}}},"3":{"name":"invariantArrayCase","line":47,"loc":{"start":{"line":47,"column":0},"end":{"line":47,"column":50}}},"4":{"name":"update","line":68,"loc":{"start":{"line":68,"column":0},"end":{"line":68,"column":29}}},"5":{"name":"(anonymous_5)","line":108,"loc":{"start":{"line":108,"column":31},"end":{"line":108,"column":46}}},"6":{"name":"(anonymous_6)","line":115,"loc":{"start":{"line":115,"column":34},"end":{"line":115,"column":49}}},"7":{"name":"(anonymous_7)","line":134,"loc":{"start":{"line":134,"column":33},"end":{"line":134,"column":48}}}},"statementMap":{"1":{"start":{"line":12,"column":0},"end":{"line":12,"column":46}},"2":{"start":{"line":13,"column":0},"end":{"line":13,"column":39}},"3":{"start":{"line":15,"column":0},"end":{"line":23,"column":1}},"4":{"start":{"line":16,"column":2},"end":{"line":22,"column":3}},"5":{"start":{"line":17,"column":4},"end":{"line":17,"column":22}},"6":{"start":{"line":18,"column":9},"end":{"line":22,"column":3}},"7":{"start":{"line":19,"column":4},"end":{"line":19,"column":49}},"8":{"start":{"line":21,"column":4},"end":{"line":21,"column":13}},"9":{"start":{"line":25,"column":0},"end":{"line":25,"column":27}},"10":{"start":{"line":26,"column":0},"end":{"line":26,"column":33}},"11":{"start":{"line":27,"column":0},"end":{"line":27,"column":31}},"12":{"start":{"line":28,"column":0},"end":{"line":28,"column":25}},"13":{"start":{"line":29,"column":0},"end":{"line":29,"column":29}},"14":{"start":{"line":30,"column":0},"end":{"line":30,"column":29}},"15":{"start":{"line":32,"column":0},"end":{"line":39,"column":2}},"16":{"start":{"line":41,"column":0},"end":{"line":41,"column":26}},"17":{"start":{"line":43,"column":0},"end":{"line":45,"column":3}},"18":{"start":{"line":44,"column":2},"end":{"line":44,"column":35}},"19":{"start":{"line":47,"column":0},"end":{"line":62,"column":1}},"20":{"start":{"line":48,"column":2},"end":{"line":53,"column":4}},"21":{"start":{"line":54,"column":2},"end":{"line":54,"column":32}},"22":{"start":{"line":55,"column":2},"end":{"line":61,"column":4}},"23":{"start":{"line":68,"column":0},"end":{"line":163,"column":1}},"24":{"start":{"line":69,"column":2},"end":{"line":75,"column":4}},"25":{"start":{"line":77,"column":2},"end":{"line":85,"column":3}},"26":{"start":{"line":78,"column":4},"end":{"line":82,"column":6}},"27":{"start":{"line":84,"column":4},"end":{"line":84,"column":29}},"28":{"start":{"line":87,"column":2},"end":{"line":87,"column":37}},"29":{"start":{"line":89,"column":2},"end":{"line":104,"column":3}},"30":{"start":{"line":90,"column":4},"end":{"line":90,"column":39}},"31":{"start":{"line":91,"column":4},"end":{"line":96,"column":6}},"32":{"start":{"line":97,"column":4},"end":{"line":102,"column":6}},"33":{"start":{"line":103,"column":4},"end":{"line":103,"column":50}},"34":{"start":{"line":106,"column":2},"end":{"line":111,"column":3}},"35":{"start":{"line":107,"column":4},"end":{"line":107,"column":50}},"36":{"start":{"line":108,"column":4},"end":{"line":110,"column":7}},"37":{"start":{"line":109,"column":6},"end":{"line":109,"column":27}},"38":{"start":{"line":113,"column":2},"end":{"line":118,"column":3}},"39":{"start":{"line":114,"column":4},"end":{"line":114,"column":53}},"40":{"start":{"line":115,"column":4},"end":{"line":117,"column":7}},"41":{"start":{"line":116,"column":6},"end":{"line":116,"column":30}},"42":{"start":{"line":120,"column":2},"end":{"line":144,"column":3}},"43":{"start":{"line":121,"column":4},"end":{"line":126,"column":6}},"44":{"start":{"line":127,"column":4},"end":{"line":133,"column":6}},"45":{"start":{"line":134,"column":4},"end":{"line":143,"column":7}},"46":{"start":{"line":135,"column":6},"end":{"line":141,"column":8}},"47":{"start":{"line":142,"column":6},"end":{"line":142,"column":46}},"48":{"start":{"line":146,"column":2},"end":{"line":154,"column":3}},"49":{"start":{"line":147,"column":4},"end":{"line":152,"column":6}},"50":{"start":{"line":153,"column":4},"end":{"line":153,"column":47}},"51":{"start":{"line":156,"column":2},"end":{"line":160,"column":3}},"52":{"start":{"line":157,"column":4},"end":{"line":159,"column":5}},"53":{"start":{"line":158,"column":6},"end":{"line":158,"column":47}},"54":{"start":{"line":162,"column":2},"end":{"line":162,"column":19}},"55":{"start":{"line":165,"column":0},"end":{"line":165,"column":24}}},"branchMap":{"1":{"line":16,"type":"if","locations":[{"start":{"line":16,"column":2},"end":{"line":16,"column":2}},{"start":{"line":16,"column":2},"end":{"line":16,"column":2}}]},"2":{"line":18,"type":"if","locations":[{"start":{"line":18,"column":9},"end":{"line":18,"column":9}},{"start":{"line":18,"column":9},"end":{"line":18,"column":9}}]},"3":{"line":18,"type":"binary-expr","locations":[{"start":{"line":18,"column":13},"end":{"line":18,"column":14}},{"start":{"line":18,"column":18},"end":{"line":18,"column":39}}]},"4":{"line":77,"type":"if","locations":[{"start":{"line":77,"column":2},"end":{"line":77,"column":2}},{"start":{"line":77,"column":2},"end":{"line":77,"column":2}}]},"5":{"line":89,"type":"if","locations":[{"start":{"line":89,"column":2},"end":{"line":89,"column":2}},{"start":{"line":89,"column":2},"end":{"line":89,"column":2}}]},"6":{"line":92,"type":"binary-expr","locations":[{"start":{"line":92,"column":6},"end":{"line":92,"column":14}},{"start":{"line":92,"column":18},"end":{"line":92,"column":46}}]},"7":{"line":98,"type":"binary-expr","locations":[{"start":{"line":98,"column":6},"end":{"line":98,"column":15}},{"start":{"line":98,"column":19},"end":{"line":98,"column":48}}]},"8":{"line":106,"type":"if","locations":[{"start":{"line":106,"column":2},"end":{"line":106,"column":2}},{"start":{"line":106,"column":2},"end":{"line":106,"column":2}}]},"9":{"line":113,"type":"if","locations":[{"start":{"line":113,"column":2},"end":{"line":113,"column":2}},{"start":{"line":113,"column":2},"end":{"line":113,"column":2}}]},"10":{"line":120,"type":"if","locations":[{"start":{"line":120,"column":2},"end":{"line":120,"column":2}},{"start":{"line":120,"column":2},"end":{"line":120,"column":2}}]},"11":{"line":146,"type":"if","locations":[{"start":{"line":146,"column":2},"end":{"line":146,"column":2}},{"start":{"line":146,"column":2},"end":{"line":146,"column":2}}]},"12":{"line":157,"type":"if","locations":[{"start":{"line":157,"column":4},"end":{"line":157,"column":4}},{"start":{"line":157,"column":4},"end":{"line":157,"column":4}}]},"13":{"line":157,"type":"binary-expr","locations":[{"start":{"line":157,"column":10},"end":{"line":157,"column":44}},{"start":{"line":157,"column":48},"end":{"line":157,"column":67}}]}},"code":["/**"," * Copyright 2013-present, Facebook, Inc."," * All rights reserved."," *"," * This source code is licensed under the BSD-style license found in the"," * LICENSE file in the root directory of this source tree. An additional grant"," * of patent rights can be found in the PATENTS file in the same directory."," */","","'use strict';","","var invariant = require('fbjs/lib/invariant');","var hasOwnProperty = {}.hasOwnProperty;","","function shallowCopy(x) {","  if (Array.isArray(x)) {","    return x.concat();","  } else if (x && typeof x === 'object') {","    return Object.assign(new x.constructor(), x);","  } else {","    return x;","  }","}","","var COMMAND_PUSH = '$push';","var COMMAND_UNSHIFT = '$unshift';","var COMMAND_SPLICE = '$splice';","var COMMAND_SET = '$set';","var COMMAND_MERGE = '$merge';","var COMMAND_APPLY = '$apply';","","var ALL_COMMANDS_LIST = [","  COMMAND_PUSH,","  COMMAND_UNSHIFT,","  COMMAND_SPLICE,","  COMMAND_SET,","  COMMAND_MERGE,","  COMMAND_APPLY,","];","","var ALL_COMMANDS_SET = {};","","ALL_COMMANDS_LIST.forEach(function(command) {","  ALL_COMMANDS_SET[command] = true;","});","","function invariantArrayCase(value, spec, command) {","  invariant(","    Array.isArray(value),","    'update(): expected target of %s to be an array; got %s.',","    command,","    value","  );","  var specValue = spec[command];","  invariant(","    Array.isArray(specValue),","    'update(): expected spec of %s to be an array; got %s. ' +","    'Did you forget to wrap your parameter in an array?',","    command,","    specValue","  );","}","","/**"," * Returns a updated shallow copy of an object without mutating the original."," * See https://facebook.github.io/react/docs/update.html for details."," */","function update(value, spec) {","  invariant(","    typeof spec === 'object',","    'update(): You provided a key path to update() that did not contain one ' +","    'of %s. Did you forget to include {%s: ...}?',","    ALL_COMMANDS_LIST.join(', '),","    COMMAND_SET","  );","","  if (hasOwnProperty.call(spec, COMMAND_SET)) {","    invariant(","      Object.keys(spec).length === 1,","      'Cannot have more than one key in an object with %s',","      COMMAND_SET","    );","","    return spec[COMMAND_SET];","  }","","  var nextValue = shallowCopy(value);","","  if (hasOwnProperty.call(spec, COMMAND_MERGE)) {","    var mergeObj = spec[COMMAND_MERGE];","    invariant(","      mergeObj && typeof mergeObj === 'object',","      'update(): %s expects a spec of type \\'object\\'; got %s',","      COMMAND_MERGE,","      mergeObj","    );","    invariant(","      nextValue && typeof nextValue === 'object',","      'update(): %s expects a target of type \\'object\\'; got %s',","      COMMAND_MERGE,","      nextValue","    );","    Object.assign(nextValue, spec[COMMAND_MERGE]);","  }","","  if (hasOwnProperty.call(spec, COMMAND_PUSH)) {","    invariantArrayCase(value, spec, COMMAND_PUSH);","    spec[COMMAND_PUSH].forEach(function(item) {","      nextValue.push(item);","    });","  }","","  if (hasOwnProperty.call(spec, COMMAND_UNSHIFT)) {","    invariantArrayCase(value, spec, COMMAND_UNSHIFT);","    spec[COMMAND_UNSHIFT].forEach(function(item) {","      nextValue.unshift(item);","    });","  }","","  if (hasOwnProperty.call(spec, COMMAND_SPLICE)) {","    invariant(","      Array.isArray(value),","      'Expected %s target to be an array; got %s',","      COMMAND_SPLICE,","      value","    );","    invariant(","      Array.isArray(spec[COMMAND_SPLICE]),","      'update(): expected spec of %s to be an array of arrays; got %s. ' +","      'Did you forget to wrap your parameters in an array?',","      COMMAND_SPLICE,","      spec[COMMAND_SPLICE]","    );","    spec[COMMAND_SPLICE].forEach(function(args) {","      invariant(","        Array.isArray(args),","        'update(): expected spec of %s to be an array of arrays; got %s. ' +","        'Did you forget to wrap your parameters in an array?',","        COMMAND_SPLICE,","        spec[COMMAND_SPLICE]","      );","      nextValue.splice.apply(nextValue, args);","    });","  }","","  if (hasOwnProperty.call(spec, COMMAND_APPLY)) {","    invariant(","      typeof spec[COMMAND_APPLY] === 'function',","      'update(): expected spec of %s to be a function; got %s.',","      COMMAND_APPLY,","      spec[COMMAND_APPLY]","    );","    nextValue = spec[COMMAND_APPLY](nextValue);","  }","","  for (var k in spec) {","    if (!(ALL_COMMANDS_SET.hasOwnProperty(k) && ALL_COMMANDS_SET[k])) {","      nextValue[k] = update(value[k], spec[k]);","    }","  }","","  return nextValue;","}","","module.exports = update;",""],"l":{"12":1,"13":1,"15":1,"16":0,"17":0,"18":0,"19":0,"21":0,"25":1,"26":1,"27":1,"28":1,"29":1,"30":1,"32":1,"41":1,"43":1,"44":6,"47":1,"48":0,"54":0,"55":0,"68":1,"69":0,"77":0,"78":0,"84":0,"87":0,"89":0,"90":0,"91":0,"97":0,"103":0,"106":0,"107":0,"108":0,"109":0,"113":0,"114":0,"115":0,"116":0,"120":0,"121":0,"127":0,"134":0,"135":0,"142":0,"146":0,"147":0,"153":0,"156":0,"157":0,"158":0,"162":0,"165":1}},"/home/travis/build/npmtest/node-npmtest-react-addons-update/node_modules/react-addons-update/react-addons-update.js":{"path":"/home/travis/build/npmtest/node-npmtest-react-addons-update/node_modules/react-addons-update/react-addons-update.js","s":{"1":1,"2":1,"3":1,"4":0,"5":0,"6":0,"7":0,"8":0,"9":0,"10":0,"11":0,"12":0,"13":0,"14":0,"15":0,"16":0,"17":0,"18":0,"19":1,"20":1,"21":1,"22":3,"23":2,"24":0,"25":0,"26":0,"27":0,"28":0,"29":0,"30":0,"31":2,"32":2,"33":1,"34":1,"35":3,"36":1,"37":1,"38":1,"39":1,"40":1,"41":1,"42":1,"43":0,"44":0,"45":0,"46":0,"47":0,"48":1,"49":1,"50":1,"51":1,"52":1,"53":1,"54":1,"55":1,"56":1,"57":6,"58":1,"59":0,"60":0,"61":0,"62":1,"63":0,"64":0,"65":0,"66":0,"67":0,"68":0,"69":0,"70":0,"71":0,"72":0,"73":0,"74":0,"75":0,"76":0,"77":0,"78":0,"79":0,"80":0,"81":0,"82":0,"83":0,"84":0,"85":0,"86":0,"87":0,"88":0,"89":0,"90":0,"91":0,"92":0,"93":0,"94":1,"95":1,"96":1,"97":1,"98":0,"99":0,"100":1,"101":0,"102":0,"103":0,"104":0,"105":0,"106":0,"107":0,"108":0,"109":0,"110":0,"111":0,"112":0,"113":1},"b":{"1":[1,0],"2":[1,1],"3":[0,0],"4":[0,0],"5":[0,0],"6":[0,0],"7":[0,0],"8":[0,0],"9":[0,0],"10":[2,1],"11":[0,2],"12":[0,0],"13":[0,0],"14":[0,0],"15":[0,0],"16":[1,0],"17":[1,1],"18":[0,0],"19":[0,0],"20":[0,0],"21":[0,0],"22":[0,0],"23":[0,0],"24":[0,0],"25":[0,0],"26":[0,0],"27":[0,0],"28":[0,0],"29":[0,0],"30":[0,0],"31":[1,0],"32":[0,0],"33":[0,0],"34":[0,0]},"f":{"1":1,"2":1,"3":1,"4":3,"5":1,"6":1,"7":0,"8":6,"9":0,"10":0,"11":0,"12":0,"13":0,"14":1,"15":0,"16":0,"17":0,"18":0},"fnMap":{"1":{"name":"(anonymous_1)","line":1,"loc":{"start":{"line":1,"column":1},"end":{"line":1,"column":13}}},"2":{"name":"(anonymous_2)","line":32,"loc":{"start":{"line":32,"column":3},"end":{"line":32,"column":13}}},"3":{"name":"e","line":32,"loc":{"start":{"line":32,"column":48},"end":{"line":32,"column":65}}},"4":{"name":"s","line":32,"loc":{"start":{"line":32,"column":66},"end":{"line":32,"column":81}}},"5":{"name":"(anonymous_5)","line":32,"loc":{"start":{"line":32,"column":315},"end":{"line":32,"column":326}}},"6":{"name":"(anonymous_6)","line":32,"loc":{"start":{"line":32,"column":494},"end":{"line":32,"column":526}}},"7":{"name":"shallowCopy","line":47,"loc":{"start":{"line":47,"column":0},"end":{"line":47,"column":24}}},"8":{"name":"(anonymous_8)","line":75,"loc":{"start":{"line":75,"column":26},"end":{"line":75,"column":44}}},"9":{"name":"invariantArrayCase","line":79,"loc":{"start":{"line":79,"column":0},"end":{"line":79,"column":50}}},"10":{"name":"update","line":100,"loc":{"start":{"line":100,"column":0},"end":{"line":100,"column":29}}},"11":{"name":"(anonymous_11)","line":140,"loc":{"start":{"line":140,"column":31},"end":{"line":140,"column":46}}},"12":{"name":"(anonymous_12)","line":147,"loc":{"start":{"line":147,"column":34},"end":{"line":147,"column":49}}},"13":{"name":"(anonymous_13)","line":166,"loc":{"start":{"line":166,"column":33},"end":{"line":166,"column":48}}},"14":{"name":"(anonymous_14)","line":199,"loc":{"start":{"line":199,"column":31},"end":{"line":199,"column":63}}},"15":{"name":"validateFormat","line":223,"loc":{"start":{"line":223,"column":21},"end":{"line":223,"column":53}}},"16":{"name":"validateFormat","line":226,"loc":{"start":{"line":226,"column":19},"end":{"line":226,"column":51}}},"17":{"name":"invariant","line":233,"loc":{"start":{"line":233,"column":0},"end":{"line":233,"column":56}}},"18":{"name":"(anonymous_18)","line":243,"loc":{"start":{"line":243,"column":46},"end":{"line":243,"column":58}}}},"statementMap":{"1":{"start":{"line":1,"column":0},"end":{"line":256,"column":3}},"2":{"start":{"line":2,"column":2},"end":{"line":31,"column":3}},"3":{"start":{"line":6,"column":4},"end":{"line":6,"column":22}},"4":{"start":{"line":7,"column":9},"end":{"line":31,"column":3}},"5":{"start":{"line":11,"column":4},"end":{"line":11,"column":16}},"6":{"start":{"line":13,"column":4},"end":{"line":13,"column":10}},"7":{"start":{"line":14,"column":4},"end":{"line":22,"column":5}},"8":{"start":{"line":15,"column":6},"end":{"line":15,"column":16}},"9":{"start":{"line":16,"column":11},"end":{"line":22,"column":5}},"10":{"start":{"line":17,"column":6},"end":{"line":17,"column":16}},"11":{"start":{"line":18,"column":11},"end":{"line":22,"column":5}},"12":{"start":{"line":19,"column":6},"end":{"line":19,"column":14}},"13":{"start":{"line":21,"column":6},"end":{"line":21,"column":14}},"14":{"start":{"line":24,"column":4},"end":{"line":28,"column":5}},"15":{"start":{"line":25,"column":6},"end":{"line":25,"column":67}},"16":{"start":{"line":26,"column":11},"end":{"line":28,"column":5}},"17":{"start":{"line":27,"column":6},"end":{"line":27,"column":26}},"18":{"start":{"line":30,"column":4},"end":{"line":30,"column":31}},"19":{"start":{"line":32,"column":14},"end":{"line":32,"column":40}},"20":{"start":{"line":32,"column":40},"end":{"line":255,"column":17}},"21":{"start":{"line":32,"column":66},"end":{"line":32,"column":402}},"22":{"start":{"line":32,"column":82},"end":{"line":32,"column":382}},"23":{"start":{"line":32,"column":92},"end":{"line":32,"column":268}},"24":{"start":{"line":32,"column":102},"end":{"line":32,"column":144}},"25":{"start":{"line":32,"column":144},"end":{"line":32,"column":168}},"26":{"start":{"line":32,"column":153},"end":{"line":32,"column":168}},"27":{"start":{"line":32,"column":168},"end":{"line":32,"column":188}},"28":{"start":{"line":32,"column":173},"end":{"line":32,"column":188}},"29":{"start":{"line":32,"column":188},"end":{"line":32,"column":234}},"30":{"start":{"line":32,"column":234},"end":{"line":32,"column":267}},"31":{"start":{"line":32,"column":268},"end":{"line":32,"column":292}},"32":{"start":{"line":32,"column":292},"end":{"line":32,"column":381}},"33":{"start":{"line":32,"column":327},"end":{"line":32,"column":344}},"34":{"start":{"line":32,"column":344},"end":{"line":32,"column":359}},"35":{"start":{"line":32,"column":382},"end":{"line":32,"column":401}},"36":{"start":{"line":32,"column":402},"end":{"line":32,"column":444}},"37":{"start":{"line":32,"column":444},"end":{"line":32,"column":479}},"38":{"start":{"line":32,"column":471},"end":{"line":32,"column":479}},"39":{"start":{"line":32,"column":479},"end":{"line":32,"column":487}},"40":{"start":{"line":44,"column":0},"end":{"line":44,"column":46}},"41":{"start":{"line":45,"column":0},"end":{"line":45,"column":39}},"42":{"start":{"line":47,"column":0},"end":{"line":55,"column":1}},"43":{"start":{"line":48,"column":2},"end":{"line":54,"column":3}},"44":{"start":{"line":49,"column":4},"end":{"line":49,"column":22}},"45":{"start":{"line":50,"column":9},"end":{"line":54,"column":3}},"46":{"start":{"line":51,"column":4},"end":{"line":51,"column":49}},"47":{"start":{"line":53,"column":4},"end":{"line":53,"column":13}},"48":{"start":{"line":57,"column":0},"end":{"line":57,"column":27}},"49":{"start":{"line":58,"column":0},"end":{"line":58,"column":33}},"50":{"start":{"line":59,"column":0},"end":{"line":59,"column":31}},"51":{"start":{"line":60,"column":0},"end":{"line":60,"column":25}},"52":{"start":{"line":61,"column":0},"end":{"line":61,"column":29}},"53":{"start":{"line":62,"column":0},"end":{"line":62,"column":29}},"54":{"start":{"line":64,"column":0},"end":{"line":71,"column":2}},"55":{"start":{"line":73,"column":0},"end":{"line":73,"column":26}},"56":{"start":{"line":75,"column":0},"end":{"line":77,"column":3}},"57":{"start":{"line":76,"column":2},"end":{"line":76,"column":35}},"58":{"start":{"line":79,"column":0},"end":{"line":94,"column":1}},"59":{"start":{"line":80,"column":2},"end":{"line":85,"column":4}},"60":{"start":{"line":86,"column":2},"end":{"line":86,"column":32}},"61":{"start":{"line":87,"column":2},"end":{"line":93,"column":4}},"62":{"start":{"line":100,"column":0},"end":{"line":195,"column":1}},"63":{"start":{"line":101,"column":2},"end":{"line":107,"column":4}},"64":{"start":{"line":109,"column":2},"end":{"line":117,"column":3}},"65":{"start":{"line":110,"column":4},"end":{"line":114,"column":6}},"66":{"start":{"line":116,"column":4},"end":{"line":116,"column":29}},"67":{"start":{"line":119,"column":2},"end":{"line":119,"column":37}},"68":{"start":{"line":121,"column":2},"end":{"line":136,"column":3}},"69":{"start":{"line":122,"column":4},"end":{"line":122,"column":39}},"70":{"start":{"line":123,"column":4},"end":{"line":128,"column":6}},"71":{"start":{"line":129,"column":4},"end":{"line":134,"column":6}},"72":{"start":{"line":135,"column":4},"end":{"line":135,"column":50}},"73":{"start":{"line":138,"column":2},"end":{"line":143,"column":3}},"74":{"start":{"line":139,"column":4},"end":{"line":139,"column":50}},"75":{"start":{"line":140,"column":4},"end":{"line":142,"column":7}},"76":{"start":{"line":141,"column":6},"end":{"line":141,"column":27}},"77":{"start":{"line":145,"column":2},"end":{"line":150,"column":3}},"78":{"start":{"line":146,"column":4},"end":{"line":146,"column":53}},"79":{"start":{"line":147,"column":4},"end":{"line":149,"column":7}},"80":{"start":{"line":148,"column":6},"end":{"line":148,"column":30}},"81":{"start":{"line":152,"column":2},"end":{"line":176,"column":3}},"82":{"start":{"line":153,"column":4},"end":{"line":158,"column":6}},"83":{"start":{"line":159,"column":4},"end":{"line":165,"column":6}},"84":{"start":{"line":166,"column":4},"end":{"line":175,"column":7}},"85":{"start":{"line":167,"column":6},"end":{"line":173,"column":8}},"86":{"start":{"line":174,"column":6},"end":{"line":174,"column":46}},"87":{"start":{"line":178,"column":2},"end":{"line":186,"column":3}},"88":{"start":{"line":179,"column":4},"end":{"line":184,"column":6}},"89":{"start":{"line":185,"column":4},"end":{"line":185,"column":47}},"90":{"start":{"line":188,"column":2},"end":{"line":192,"column":3}},"91":{"start":{"line":189,"column":4},"end":{"line":191,"column":5}},"92":{"start":{"line":190,"column":6},"end":{"line":190,"column":47}},"93":{"start":{"line":194,"column":2},"end":{"line":194,"column":19}},"94":{"start":{"line":197,"column":0},"end":{"line":197,"column":24}},"95":{"start":{"line":223,"column":0},"end":{"line":223,"column":56}},"96":{"start":{"line":225,"column":0},"end":{"line":231,"column":1}},"97":{"start":{"line":226,"column":2},"end":{"line":230,"column":4}},"98":{"start":{"line":227,"column":4},"end":{"line":229,"column":5}},"99":{"start":{"line":228,"column":6},"end":{"line":228,"column":70}},"100":{"start":{"line":233,"column":0},"end":{"line":252,"column":1}},"101":{"start":{"line":234,"column":2},"end":{"line":234,"column":25}},"102":{"start":{"line":236,"column":2},"end":{"line":251,"column":3}},"103":{"start":{"line":237,"column":4},"end":{"line":237,"column":14}},"104":{"start":{"line":238,"column":4},"end":{"line":247,"column":5}},"105":{"start":{"line":239,"column":6},"end":{"line":239,"column":158}},"106":{"start":{"line":241,"column":6},"end":{"line":241,"column":36}},"107":{"start":{"line":242,"column":6},"end":{"line":242,"column":23}},"108":{"start":{"line":243,"column":6},"end":{"line":245,"column":10}},"109":{"start":{"line":244,"column":8},"end":{"line":244,"column":32}},"110":{"start":{"line":246,"column":6},"end":{"line":246,"column":41}},"111":{"start":{"line":249,"column":4},"end":{"line":249,"column":26}},"112":{"start":{"line":250,"column":4},"end":{"line":250,"column":16}},"113":{"start":{"line":254,"column":0},"end":{"line":254,"column":27}}},"branchMap":{"1":{"line":2,"type":"if","locations":[{"start":{"line":2,"column":2},"end":{"line":2,"column":2}},{"start":{"line":2,"column":2},"end":{"line":2,"column":2}}]},"2":{"line":3,"type":"binary-expr","locations":[{"start":{"line":3,"column":4},"end":{"line":3,"column":31}},{"start":{"line":4,"column":4},"end":{"line":4,"column":33}}]},"3":{"line":7,"type":"if","locations":[{"start":{"line":7,"column":9},"end":{"line":7,"column":9}},{"start":{"line":7,"column":9},"end":{"line":7,"column":9}}]},"4":{"line":8,"type":"binary-expr","locations":[{"start":{"line":8,"column":4},"end":{"line":8,"column":32}},{"start":{"line":9,"column":4},"end":{"line":9,"column":14}}]},"5":{"line":14,"type":"if","locations":[{"start":{"line":14,"column":4},"end":{"line":14,"column":4}},{"start":{"line":14,"column":4},"end":{"line":14,"column":4}}]},"6":{"line":16,"type":"if","locations":[{"start":{"line":16,"column":11},"end":{"line":16,"column":11}},{"start":{"line":16,"column":11},"end":{"line":16,"column":11}}]},"7":{"line":18,"type":"if","locations":[{"start":{"line":18,"column":11},"end":{"line":18,"column":11}},{"start":{"line":18,"column":11},"end":{"line":18,"column":11}}]},"8":{"line":24,"type":"if","locations":[{"start":{"line":24,"column":4},"end":{"line":24,"column":4}},{"start":{"line":24,"column":4},"end":{"line":24,"column":4}}]},"9":{"line":26,"type":"if","locations":[{"start":{"line":26,"column":11},"end":{"line":26,"column":11}},{"start":{"line":26,"column":11},"end":{"line":26,"column":11}}]},"10":{"line":32,"type":"if","locations":[{"start":{"line":32,"column":82},"end":{"line":32,"column":82}},{"start":{"line":32,"column":82},"end":{"line":32,"column":82}}]},"11":{"line":32,"type":"if","locations":[{"start":{"line":32,"column":92},"end":{"line":32,"column":92}},{"start":{"line":32,"column":92},"end":{"line":32,"column":92}}]},"12":{"line":32,"type":"binary-expr","locations":[{"start":{"line":32,"column":108},"end":{"line":32,"column":134}},{"start":{"line":32,"column":136},"end":{"line":32,"column":143}}]},"13":{"line":32,"type":"if","locations":[{"start":{"line":32,"column":144},"end":{"line":32,"column":144}},{"start":{"line":32,"column":144},"end":{"line":32,"column":144}}]},"14":{"line":32,"type":"binary-expr","locations":[{"start":{"line":32,"column":147},"end":{"line":32,"column":149}},{"start":{"line":32,"column":151},"end":{"line":32,"column":152}}]},"15":{"line":32,"type":"if","locations":[{"start":{"line":32,"column":168},"end":{"line":32,"column":168}},{"start":{"line":32,"column":168},"end":{"line":32,"column":168}}]},"16":{"line":32,"type":"cond-expr","locations":[{"start":{"line":32,"column":355},"end":{"line":32,"column":356}},{"start":{"line":32,"column":357},"end":{"line":32,"column":358}}]},"17":{"line":32,"type":"binary-expr","locations":[{"start":{"line":32,"column":408},"end":{"line":32,"column":434}},{"start":{"line":32,"column":436},"end":{"line":32,"column":443}}]},"18":{"line":48,"type":"if","locations":[{"start":{"line":48,"column":2},"end":{"line":48,"column":2}},{"start":{"line":48,"column":2},"end":{"line":48,"column":2}}]},"19":{"line":50,"type":"if","locations":[{"start":{"line":50,"column":9},"end":{"line":50,"column":9}},{"start":{"line":50,"column":9},"end":{"line":50,"column":9}}]},"20":{"line":50,"type":"binary-expr","locations":[{"start":{"line":50,"column":13},"end":{"line":50,"column":14}},{"start":{"line":50,"column":18},"end":{"line":50,"column":39}}]},"21":{"line":109,"type":"if","locations":[{"start":{"line":109,"column":2},"end":{"line":109,"column":2}},{"start":{"line":109,"column":2},"end":{"line":109,"column":2}}]},"22":{"line":121,"type":"if","locations":[{"start":{"line":121,"column":2},"end":{"line":121,"column":2}},{"start":{"line":121,"column":2},"end":{"line":121,"column":2}}]},"23":{"line":124,"type":"binary-expr","locations":[{"start":{"line":124,"column":6},"end":{"line":124,"column":14}},{"start":{"line":124,"column":18},"end":{"line":124,"column":46}}]},"24":{"line":130,"type":"binary-expr","locations":[{"start":{"line":130,"column":6},"end":{"line":130,"column":15}},{"start":{"line":130,"column":19},"end":{"line":130,"column":48}}]},"25":{"line":138,"type":"if","locations":[{"start":{"line":138,"column":2},"end":{"line":138,"column":2}},{"start":{"line":138,"column":2},"end":{"line":138,"column":2}}]},"26":{"line":145,"type":"if","locations":[{"start":{"line":145,"column":2},"end":{"line":145,"column":2}},{"start":{"line":145,"column":2},"end":{"line":145,"column":2}}]},"27":{"line":152,"type":"if","locations":[{"start":{"line":152,"column":2},"end":{"line":152,"column":2}},{"start":{"line":152,"column":2},"end":{"line":152,"column":2}}]},"28":{"line":178,"type":"if","locations":[{"start":{"line":178,"column":2},"end":{"line":178,"column":2}},{"start":{"line":178,"column":2},"end":{"line":178,"column":2}}]},"29":{"line":189,"type":"if","locations":[{"start":{"line":189,"column":4},"end":{"line":189,"column":4}},{"start":{"line":189,"column":4},"end":{"line":189,"column":4}}]},"30":{"line":189,"type":"binary-expr","locations":[{"start":{"line":189,"column":10},"end":{"line":189,"column":44}},{"start":{"line":189,"column":48},"end":{"line":189,"column":67}}]},"31":{"line":225,"type":"if","locations":[{"start":{"line":225,"column":0},"end":{"line":225,"column":0}},{"start":{"line":225,"column":0},"end":{"line":225,"column":0}}]},"32":{"line":227,"type":"if","locations":[{"start":{"line":227,"column":4},"end":{"line":227,"column":4}},{"start":{"line":227,"column":4},"end":{"line":227,"column":4}}]},"33":{"line":236,"type":"if","locations":[{"start":{"line":236,"column":2},"end":{"line":236,"column":2}},{"start":{"line":236,"column":2},"end":{"line":236,"column":2}}]},"34":{"line":238,"type":"if","locations":[{"start":{"line":238,"column":4},"end":{"line":238,"column":4}},{"start":{"line":238,"column":4},"end":{"line":238,"column":4}}]}},"code":["(function(f) {","  if (","    typeof exports === \"object\" &&","    typeof module !== \"undefined\"","  ) {","    module.exports=f()","  } else if (","    typeof define === \"function\" &&","    define.amd","  ) {","    define([],f)","  } else {","    var g;","    if (typeof window !== \"undefined\") {","      g = window","    } else if (typeof global !== \"undefined\") {","      g = global","    } else if (typeof self !== \"undefined\") {","      g = self","    } else {","      g = this","    }","","    if (typeof g.React === \"undefined\") {","      throw Error('React module should be required before update');","    } else if (typeof g.React.addons === \"undefined\") {","      g.React.addons = {};","    }","","    g.React.addons.update = f()","  }","})(function(){var define,module,exports;return (function e(t,n,r){function s(o,u){if(!n[o]){if(!t[o]){var a=typeof require==\"function\"&&require;if(!u&&a)return a(o,!0);if(i)return i(o,!0);var f=new Error(\"Cannot find module '\"+o+\"'\");throw f.code=\"MODULE_NOT_FOUND\",f}var l=n[o]={exports:{}};t[o][0].call(l.exports,function(e){var n=t[o][1][e];return s(n?n:e)},l,l.exports,e,t,n,r)}return n[o].exports}var i=typeof require==\"function\"&&require;for(var o=0;o<r.length;o++)s(r[o]);return s})({1:[function(require,module,exports){","/**"," * Copyright 2013-present, Facebook, Inc."," * All rights reserved."," *"," * This source code is licensed under the BSD-style license found in the"," * LICENSE file in the root directory of this source tree. An additional grant"," * of patent rights can be found in the PATENTS file in the same directory."," */","","'use strict';","","var invariant = require('fbjs/lib/invariant');","var hasOwnProperty = {}.hasOwnProperty;","","function shallowCopy(x) {","  if (Array.isArray(x)) {","    return x.concat();","  } else if (x && typeof x === 'object') {","    return Object.assign(new x.constructor(), x);","  } else {","    return x;","  }","}","","var COMMAND_PUSH = '$push';","var COMMAND_UNSHIFT = '$unshift';","var COMMAND_SPLICE = '$splice';","var COMMAND_SET = '$set';","var COMMAND_MERGE = '$merge';","var COMMAND_APPLY = '$apply';","","var ALL_COMMANDS_LIST = [","  COMMAND_PUSH,","  COMMAND_UNSHIFT,","  COMMAND_SPLICE,","  COMMAND_SET,","  COMMAND_MERGE,","  COMMAND_APPLY,","];","","var ALL_COMMANDS_SET = {};","","ALL_COMMANDS_LIST.forEach(function(command) {","  ALL_COMMANDS_SET[command] = true;","});","","function invariantArrayCase(value, spec, command) {","  invariant(","    Array.isArray(value),","    'update(): expected target of %s to be an array; got %s.',","    command,","    value","  );","  var specValue = spec[command];","  invariant(","    Array.isArray(specValue),","    'update(): expected spec of %s to be an array; got %s. ' +","    'Did you forget to wrap your parameter in an array?',","    command,","    specValue","  );","}","","/**"," * Returns a updated shallow copy of an object without mutating the original."," * See https://facebook.github.io/react/docs/update.html for details."," */","function update(value, spec) {","  invariant(","    typeof spec === 'object',","    'update(): You provided a key path to update() that did not contain one ' +","    'of %s. Did you forget to include {%s: ...}?',","    ALL_COMMANDS_LIST.join(', '),","    COMMAND_SET","  );","","  if (hasOwnProperty.call(spec, COMMAND_SET)) {","    invariant(","      Object.keys(spec).length === 1,","      'Cannot have more than one key in an object with %s',","      COMMAND_SET","    );","","    return spec[COMMAND_SET];","  }","","  var nextValue = shallowCopy(value);","","  if (hasOwnProperty.call(spec, COMMAND_MERGE)) {","    var mergeObj = spec[COMMAND_MERGE];","    invariant(","      mergeObj && typeof mergeObj === 'object',","      'update(): %s expects a spec of type \\'object\\'; got %s',","      COMMAND_MERGE,","      mergeObj","    );","    invariant(","      nextValue && typeof nextValue === 'object',","      'update(): %s expects a target of type \\'object\\'; got %s',","      COMMAND_MERGE,","      nextValue","    );","    Object.assign(nextValue, spec[COMMAND_MERGE]);","  }","","  if (hasOwnProperty.call(spec, COMMAND_PUSH)) {","    invariantArrayCase(value, spec, COMMAND_PUSH);","    spec[COMMAND_PUSH].forEach(function(item) {","      nextValue.push(item);","    });","  }","","  if (hasOwnProperty.call(spec, COMMAND_UNSHIFT)) {","    invariantArrayCase(value, spec, COMMAND_UNSHIFT);","    spec[COMMAND_UNSHIFT].forEach(function(item) {","      nextValue.unshift(item);","    });","  }","","  if (hasOwnProperty.call(spec, COMMAND_SPLICE)) {","    invariant(","      Array.isArray(value),","      'Expected %s target to be an array; got %s',","      COMMAND_SPLICE,","      value","    );","    invariant(","      Array.isArray(spec[COMMAND_SPLICE]),","      'update(): expected spec of %s to be an array of arrays; got %s. ' +","      'Did you forget to wrap your parameters in an array?',","      COMMAND_SPLICE,","      spec[COMMAND_SPLICE]","    );","    spec[COMMAND_SPLICE].forEach(function(args) {","      invariant(","        Array.isArray(args),","        'update(): expected spec of %s to be an array of arrays; got %s. ' +","        'Did you forget to wrap your parameters in an array?',","        COMMAND_SPLICE,","        spec[COMMAND_SPLICE]","      );","      nextValue.splice.apply(nextValue, args);","    });","  }","","  if (hasOwnProperty.call(spec, COMMAND_APPLY)) {","    invariant(","      typeof spec[COMMAND_APPLY] === 'function',","      'update(): expected spec of %s to be a function; got %s.',","      COMMAND_APPLY,","      spec[COMMAND_APPLY]","    );","    nextValue = spec[COMMAND_APPLY](nextValue);","  }","","  for (var k in spec) {","    if (!(ALL_COMMANDS_SET.hasOwnProperty(k) && ALL_COMMANDS_SET[k])) {","      nextValue[k] = update(value[k], spec[k]);","    }","  }","","  return nextValue;","}","","module.exports = update;","","},{\"fbjs/lib/invariant\":2}],2:[function(require,module,exports){","/**"," * Copyright (c) 2013-present, Facebook, Inc."," * All rights reserved."," *"," * This source code is licensed under the BSD-style license found in the"," * LICENSE file in the root directory of this source tree. An additional grant"," * of patent rights can be found in the PATENTS file in the same directory."," *"," */","","'use strict';","","/**"," * Use invariant() to assert state which your program assumes to be true."," *"," * Provide sprintf-style format (only %s is supported) and arguments"," * to provide information about what broke and what you were"," * expecting."," *"," * The invariant message will be stripped in production, but the invariant"," * will remain to ensure logic does not differ in production."," */","","var validateFormat = function validateFormat(format) {};","","if (\"development\" !== 'production') {","  validateFormat = function validateFormat(format) {","    if (format === undefined) {","      throw new Error('invariant requires an error message argument');","    }","  };","}","","function invariant(condition, format, a, b, c, d, e, f) {","  validateFormat(format);","","  if (!condition) {","    var error;","    if (format === undefined) {","      error = new Error('Minified exception occurred; use the non-minified dev environment ' + 'for the full error message and additional helpful warnings.');","    } else {","      var args = [a, b, c, d, e, f];","      var argIndex = 0;","      error = new Error(format.replace(/%s/g, function () {","        return args[argIndex++];","      }));","      error.name = 'Invariant Violation';","    }","","    error.framesToPop = 1; // we don't care about invariant's own frame","    throw error;","  }","}","","module.exports = invariant;","},{}]},{},[1])(1)","});"],"l":{"1":1,"2":1,"6":1,"7":0,"11":0,"13":0,"14":0,"15":0,"16":0,"17":0,"18":0,"19":0,"21":0,"24":0,"25":0,"26":0,"27":0,"30":0,"32":3,"44":1,"45":1,"47":1,"48":0,"49":0,"50":0,"51":0,"53":0,"57":1,"58":1,"59":1,"60":1,"61":1,"62":1,"64":1,"73":1,"75":1,"76":6,"79":1,"80":0,"86":0,"87":0,"100":1,"101":0,"109":0,"110":0,"116":0,"119":0,"121":0,"122":0,"123":0,"129":0,"135":0,"138":0,"139":0,"140":0,"141":0,"145":0,"146":0,"147":0,"148":0,"152":0,"153":0,"159":0,"166":0,"167":0,"174":0,"178":0,"179":0,"185":0,"188":0,"189":0,"190":0,"194":0,"197":1,"223":1,"225":1,"226":1,"227":0,"228":0,"233":1,"234":0,"236":0,"237":0,"238":0,"239":0,"241":0,"242":0,"243":0,"244":0,"246":0,"249":0,"250":0,"254":1}}}